Using pre-set license
Built from '2021.3/staging' branch; Version is '2021.3.16f1 (4016570cf34f) revision 4200023'; Using compiler version '192829333'; Build Type 'Release'
OS: 'Windows 11  (10.0.22621) 64bit Professional' Language: 'ja' Physical Memory: 32692 MB
BatchMode: 1, IsHumanControllingUs: 0, StartBugReporterOnCrash: 0, Is64bit: 1, IsPro: 1

COMMAND LINE ARGUMENTS:
C:\Program Files\Unity\Hub\Editor\2021.3.16f1\Editor\Unity.exe
-adb2
-batchMode
-noUpm
-name
AssetImportWorker4
-projectPath
D:/GOSC
-logFile
Logs/AssetImportWorker4.log
-srvPort
53870
Successfully changed project path to: D:/GOSC
D:/GOSC
[UnityMemory] Configuration Parameters - Can be set up in boot.config
    "memorysetup-bucket-allocator-granularity=16"
    "memorysetup-bucket-allocator-bucket-count=8"
    "memorysetup-bucket-allocator-block-size=33554432"
    "memorysetup-bucket-allocator-block-count=8"
    "memorysetup-main-allocator-block-size=16777216"
    "memorysetup-thread-allocator-block-size=16777216"
    "memorysetup-gfx-main-allocator-block-size=16777216"
    "memorysetup-gfx-thread-allocator-block-size=16777216"
    "memorysetup-cache-allocator-block-size=4194304"
    "memorysetup-typetree-allocator-block-size=2097152"
    "memorysetup-profiler-bucket-allocator-granularity=16"
    "memorysetup-profiler-bucket-allocator-bucket-count=8"
    "memorysetup-profiler-bucket-allocator-block-size=33554432"
    "memorysetup-profiler-bucket-allocator-block-count=8"
    "memorysetup-profiler-allocator-block-size=16777216"
    "memorysetup-profiler-editor-allocator-block-size=1048576"
    "memorysetup-temp-allocator-size-main=16777216"
    "memorysetup-job-temp-allocator-block-size=2097152"
    "memorysetup-job-temp-allocator-block-size-background=1048576"
    "memorysetup-job-temp-allocator-reduction-small-platforms=262144"
    "memorysetup-temp-allocator-size-background-worker=32768"
    "memorysetup-temp-allocator-size-job-worker=262144"
    "memorysetup-temp-allocator-size-preload-manager=33554432"
    "memorysetup-temp-allocator-size-nav-mesh-worker=65536"
    "memorysetup-temp-allocator-size-audio-worker=65536"
    "memorysetup-temp-allocator-size-cloud-worker=32768"
    "memorysetup-temp-allocator-size-gi-baking-worker=262144"
    "memorysetup-temp-allocator-size-gfx=262144"
Player connection [25124] Host "[IP] 192.168.1.9 [Port] 0 [Flags] 2 [Guid] 2882927372 [EditorId] 2882927372 [Version] 1048832 [Id] WindowsEditor(7,DESKTOP-8619ULE) [Debug] 1 [PackageName] WindowsEditor [ProjectName] Editor" joined multi-casting on [225.0.0.222:54997]...

Player connection [25124] Host "[IP] 192.168.1.9 [Port] 0 [Flags] 2 [Guid] 2882927372 [EditorId] 2882927372 [Version] 1048832 [Id] WindowsEditor(7,DESKTOP-8619ULE) [Debug] 1 [PackageName] WindowsEditor [ProjectName] Editor" joined alternative multi-casting on [225.0.0.222:34997]...

Refreshing native plugins compatible for Editor in 60.79 ms, found 3 plugins.
Preloading 0 native plugins for Editor in 0.00 ms.
Initialize engine version: 2021.3.16f1 (4016570cf34f)
[Subsystems] Discovering subsystems at path C:/Program Files/Unity/Hub/Editor/2021.3.16f1/Editor/Data/Resources/UnitySubsystems
[Subsystems] Discovering subsystems at path D:/GOSC/Assets
GfxDevice: creating device client; threaded=0; jobified=0
Direct3D:
    Version:  Direct3D 11.0 [level 11.1]
    Renderer: NVIDIA GeForce RTX 3080 (ID=0x2216)
    Vendor:   NVIDIA
    VRAM:     10067 MB
    Driver:   31.0.15.2756
Initialize mono
Mono path[0] = 'C:/Program Files/Unity/Hub/Editor/2021.3.16f1/Editor/Data/Managed'
Mono path[1] = 'C:/Program Files/Unity/Hub/Editor/2021.3.16f1/Editor/Data/MonoBleedingEdge/lib/mono/unityjit-win32'
Mono config path = 'C:/Program Files/Unity/Hub/Editor/2021.3.16f1/Editor/Data/MonoBleedingEdge/etc'
Using monoOptions --debugger-agent=transport=dt_socket,embedding=1,server=y,suspend=n,address=127.0.0.1:56832
Begin MonoManager ReloadAssembly
Registering precompiled unity dll's ...
Register platform support module: C:/Program Files/Unity/Hub/Editor/2021.3.16f1/Editor/Data/PlaybackEngines/WebGLSupport/UnityEditor.WebGL.Extensions.dll
Register platform support module: C:/Program Files/Unity/Hub/Editor/2021.3.16f1/Editor/Data/PlaybackEngines/WindowsStandaloneSupport/UnityEditor.WindowsStandalone.Extensions.dll
Registered in 0.134664 seconds.
Native extension for WindowsStandalone target not found
Native extension for WebGL target not found
Refreshing native plugins compatible for Editor in 36.89 ms, found 3 plugins.
Preloading 0 native plugins for Editor in 0.00 ms.
Mono: successfully reloaded assembly
- Completed reload, in  4.230 seconds
Domain Reload Profiling:
	ReloadAssembly (4231ms)
		BeginReloadAssembly (3048ms)
			ExecutionOrderSort (0ms)
			DisableScriptedObjects (0ms)
			BackupInstance (0ms)
			ReleaseScriptingObjects (0ms)
			CreateAndSetChildDomain (1ms)
		EndReloadAssembly (777ms)
			LoadAssemblies (3050ms)
			RebuildTransferFunctionScriptingTraits (0ms)
			SetupTypeCache (497ms)
			ReleaseScriptCaches (0ms)
			RebuildScriptCaches (25ms)
			SetupLoadedEditorAssemblies (205ms)
				LogAssemblyErrors (0ms)
				InitializePlatformSupportModulesInManaged (8ms)
				SetLoadedEditorAssemblies (0ms)
				RefreshPlugins (37ms)
				BeforeProcessingInitializeOnLoad (1ms)
				ProcessInitializeOnLoadAttributes (115ms)
				ProcessInitializeOnLoadMethodAttributes (44ms)
				AfterProcessingInitializeOnLoad (0ms)
				EditorAssembliesLoaded (0ms)
			ExecutionOrderSort2 (0ms)
			AwakeInstancesAfterBackupRestoration (0ms)
Platform modules already initialized, skipping
Registering precompiled user dll's ...
Registered in 1.775325 seconds.
Begin MonoManager ReloadAssembly
Native extension for WindowsStandalone target not found
Native extension for WebGL target not found
Refreshing native plugins compatible for Editor in 35.78 ms, found 3 plugins.
Preloading 0 native plugins for Editor in 0.00 ms.
DisplayProgressbar: Restoring NuGet Packages
Mono: successfully reloaded assembly
- Completed reload, in  6.295 seconds
Domain Reload Profiling:
	ReloadAssembly (6296ms)
		BeginReloadAssembly (97ms)
			ExecutionOrderSort (0ms)
			DisableScriptedObjects (6ms)
			BackupInstance (0ms)
			ReleaseScriptingObjects (0ms)
			CreateAndSetChildDomain (21ms)
		EndReloadAssembly (6037ms)
			LoadAssemblies (3190ms)
			RebuildTransferFunctionScriptingTraits (0ms)
			SetupTypeCache (623ms)
			ReleaseScriptCaches (0ms)
			RebuildScriptCaches (48ms)
			SetupLoadedEditorAssemblies (2128ms)
				LogAssemblyErrors (0ms)
				InitializePlatformSupportModulesInManaged (10ms)
				SetLoadedEditorAssemblies (0ms)
				RefreshPlugins (36ms)
				BeforeProcessingInitializeOnLoad (64ms)
				ProcessInitializeOnLoadAttributes (1203ms)
				ProcessInitializeOnLoadMethodAttributes (809ms)
				AfterProcessingInitializeOnLoad (5ms)
				EditorAssembliesLoaded (0ms)
			ExecutionOrderSort2 (0ms)
			AwakeInstancesAfterBackupRestoration (7ms)
Platform modules already initialized, skipping
========================================================================
Worker process is ready to serve import requests
Launched and connected shader compiler UnityShaderCompiler.exe after 0.11 seconds
Refreshing native plugins compatible for Editor in 0.56 ms, found 3 plugins.
Preloading 0 native plugins for Editor in 0.00 ms.
Unloading 2576 Unused Serialized files (Serialized files now loaded: 0)
Unloading 47 unused Assets / (58.1 KB). Loaded Objects now: 3085.
Memory consumption went from 115.8 MB to 115.7 MB.
Total: 26.656700 ms (FindLiveObjects: 0.222400 ms CreateObjectMapping: 0.077000 ms MarkObjects: 26.275400 ms  DeleteObjects: 0.081000 ms)

AssetImportParameters requested are different than current active one (requested -> active):
  custom:video-decoder-ogg-theora: a1e56fd34408186e4bbccfd4996cb3dc -> 
  custom:container-muxer-webm: aa71ff27fc2769a1b78a27578f13a17b -> 
  custom:container-demuxer-webm: 4f35f7cbe854078d1ac9338744f61a02 -> 
  custom:video-encoder-webm-vp8: eb34c28f22e8b96e1ab97ce403110664 -> 
  custom:video-codec-MediaFoundation-h265: 746d11721c4dcdbdad8f713fa42b33f4 -> 
  custom:audio-encoder-webm-vorbis: bf7c407c2cedff20999df2af8eb42d56 -> 
  custom:framework-win-MediaFoundation: 216162199b28c13a410421893ffa2e32 -> 
  custom:container-demuxer-ogg: 62fdf1f143b41e24485cea50d1cbac27 -> 
  custom:video-decoder-webm-vp8: 9c59270c3fd7afecdb556c50c9e8de78 -> 
  custom:audio-decoder-ogg-vorbis: bf7c407c2cedff20999df2af8eb42d56 -> 
========================================================================
Received Import Request.
  Time since last request: 87062.458553 seconds.
  path: Assets/Resources/Tiles/GridTile.asset
  artifactKey: Guid(f1cdc3ebe4241f54ab4e64d6991a2a12) Importer(815301076,1909f56bfc062723c751e8b465ee728b)
Start importing Assets/Resources/Tiles/GridTile.asset using Guid(f1cdc3ebe4241f54ab4e64d6991a2a12) Importer(815301076,1909f56bfc062723c751e8b465ee728b)  -> (artifact id: '91f4282fb736c48dadf7fde61faf64d0') in 0.042878 seconds 
========================================================================
Received Import Request.
  Time since last request: 5.500028 seconds.
  path: Assets/Resources/Tiles/PatchCell3B.asset
  artifactKey: Guid(762861730aff91743bfabe6afdd69832) Importer(815301076,1909f56bfc062723c751e8b465ee728b)
Start importing Assets/Resources/Tiles/PatchCell3B.asset using Guid(762861730aff91743bfabe6afdd69832) Importer(815301076,1909f56bfc062723c751e8b465ee728b)  -> (artifact id: '4807b089009194577aa0f03625db3ac0') in 0.011523 seconds 
========================================================================
Received Import Request.
  Time since last request: 1.792184 seconds.
  path: Assets/Resources/Tiles/PatchCell2UR.asset
  artifactKey: Guid(ebf29e652c0ae3e42a0e738c163e77e9) Importer(815301076,1909f56bfc062723c751e8b465ee728b)
Start importing Assets/Resources/Tiles/PatchCell2UR.asset using Guid(ebf29e652c0ae3e42a0e738c163e77e9) Importer(815301076,1909f56bfc062723c751e8b465ee728b)  -> (artifact id: '34b435e218e5809c9b31ec7c00aa5bb9') in 0.005467 seconds 
========================================================================
Received Import Request.
  Time since last request: 1.976578 seconds.
  path: Assets/Resources/Tiles/PatchCell2TD.asset
  artifactKey: Guid(b3a526ace07ed654198c9fc0df58e5a5) Importer(815301076,1909f56bfc062723c751e8b465ee728b)
Start importing Assets/Resources/Tiles/PatchCell2TD.asset using Guid(b3a526ace07ed654198c9fc0df58e5a5) Importer(815301076,1909f56bfc062723c751e8b465ee728b)  -> (artifact id: '927e3269fcbeee9252192718a9cc466a') in 0.007906 seconds 
========================================================================
Received Import Request.
  Time since last request: 1.867054 seconds.
  path: Assets/Resources/Tiles/PatchCell3L.asset
  artifactKey: Guid(e52a7aaee92936d488efdefd4338fd79) Importer(815301076,1909f56bfc062723c751e8b465ee728b)
Start importing Assets/Resources/Tiles/PatchCell3L.asset using Guid(e52a7aaee92936d488efdefd4338fd79) Importer(815301076,1909f56bfc062723c751e8b465ee728b)  -> (artifact id: '995b2d66f262ad04528deef965690696') in 0.005372 seconds 
========================================================================
Received Import Request.
  Time since last request: 1.836271 seconds.
  path: Assets/Resources/Tiles/PatchCell3R.asset
  artifactKey: Guid(77c973cf886bbaa418c3a5f3d5c4afcf) Importer(815301076,1909f56bfc062723c751e8b465ee728b)
Start importing Assets/Resources/Tiles/PatchCell3R.asset using Guid(77c973cf886bbaa418c3a5f3d5c4afcf) Importer(815301076,1909f56bfc062723c751e8b465ee728b)  -> (artifact id: '21d2819569e08d59f61a71dedd30ad22') in 0.004931 seconds 
========================================================================
Received Import Request.
  Time since last request: 1.732425 seconds.
  path: Assets/Resources/Tiles/PatchCell3U.asset
  artifactKey: Guid(30d72320cb25bcd43a4da2b6ee6031e4) Importer(815301076,1909f56bfc062723c751e8b465ee728b)
Start importing Assets/Resources/Tiles/PatchCell3U.asset using Guid(30d72320cb25bcd43a4da2b6ee6031e4) Importer(815301076,1909f56bfc062723c751e8b465ee728b)  -> (artifact id: 'f7fa05b59f5890e17a091e980dbbcb67') in 0.006125 seconds 
========================================================================
Received Import Request.
  Time since last request: 1.914266 seconds.
  path: Assets/Resources/Tiles/PatchCell4FULL.asset
  artifactKey: Guid(22181b337ca629841bfaf35304cf97de) Importer(815301076,1909f56bfc062723c751e8b465ee728b)
Start importing Assets/Resources/Tiles/PatchCell4FULL.asset using Guid(22181b337ca629841bfaf35304cf97de) Importer(815301076,1909f56bfc062723c751e8b465ee728b)  -> (artifact id: '77744ffe06d5a10142cd6aae20ed1740') in 0.064458 seconds 
========================================================================
Received Import Request.
  Time since last request: 2.792569 seconds.
  path: Assets/Resources/Tiles/PatchCell4Single.asset
  artifactKey: Guid(0908131ae9c05964ab17972976a57a25) Importer(815301076,1909f56bfc062723c751e8b465ee728b)
Start importing Assets/Resources/Tiles/PatchCell4Single.asset using Guid(0908131ae9c05964ab17972976a57a25) Importer(815301076,1909f56bfc062723c751e8b465ee728b)  -> (artifact id: '2249fba0c455c436b4a21d7008ac5f54') in 0.005269 seconds 
========================================================================
Received Import Request.
  Time since last request: 1.924930 seconds.
  path: Assets/Resources/Tiles/PatchCellUp.asset
  artifactKey: Guid(08506188e077e164e99c3cb12e2ee41d) Importer(815301076,1909f56bfc062723c751e8b465ee728b)
Start importing Assets/Resources/Tiles/PatchCellUp.asset using Guid(08506188e077e164e99c3cb12e2ee41d) Importer(815301076,1909f56bfc062723c751e8b465ee728b)  -> (artifact id: '53623a952df2d64b3193ff969d785444') in 0.007720 seconds 
========================================================================
Received Import Request.
  Time since last request: 2.436882 seconds.
  path: Assets/Resources/Tiles/PatchCellRight.asset
  artifactKey: Guid(fd4ae15a932cdbc40912f803012e0e44) Importer(815301076,1909f56bfc062723c751e8b465ee728b)
Start importing Assets/Resources/Tiles/PatchCellRight.asset using Guid(fd4ae15a932cdbc40912f803012e0e44) Importer(815301076,1909f56bfc062723c751e8b465ee728b)  -> (artifact id: '7eb459c3a09abfa3530537ac94b0c385') in 0.004898 seconds 
========================================================================
Received Import Request.
  Time since last request: 2.048299 seconds.
  path: Assets/Resources/Tiles/PatchCellLeft.asset
  artifactKey: Guid(034edc26a6f06ea4c8189e72025fec41) Importer(815301076,1909f56bfc062723c751e8b465ee728b)
Start importing Assets/Resources/Tiles/PatchCellLeft.asset using Guid(034edc26a6f06ea4c8189e72025fec41) Importer(815301076,1909f56bfc062723c751e8b465ee728b)  -> (artifact id: 'ebae27d192df3aea137c0912c38cdba7') in 0.004979 seconds 
========================================================================
Received Import Request.
  Time since last request: 2.383476 seconds.
  path: Assets/Resources/Tiles/PatchCellDown.asset
  artifactKey: Guid(f57dddb167cd90a4481914da09718fb9) Importer(815301076,1909f56bfc062723c751e8b465ee728b)
Start importing Assets/Resources/Tiles/PatchCellDown.asset using Guid(f57dddb167cd90a4481914da09718fb9) Importer(815301076,1909f56bfc062723c751e8b465ee728b)  -> (artifact id: '95511faa199c743df75a06f1e022efa3') in 0.005087 seconds 
========================================================================
Received Import Request.
  Time since last request: 4.607232 seconds.
  path: Assets/Resources/Tiles/PatchCell2DL.asset
  artifactKey: Guid(d4429f10d3bfdb1479b0078bc5153d1e) Importer(815301076,1909f56bfc062723c751e8b465ee728b)
Start importing Assets/Resources/Tiles/PatchCell2DL.asset using Guid(d4429f10d3bfdb1479b0078bc5153d1e) Importer(815301076,1909f56bfc062723c751e8b465ee728b)  -> (artifact id: '14b05073eba10b482a361d6debf743c5') in 0.005034 seconds 
========================================================================
Received Import Request.
  Time since last request: 3.928625 seconds.
  path: Assets/Resources/Tiles/PatchCell2LU.asset
  artifactKey: Guid(c97e05edd585ae8499fb25ad547eb46c) Importer(815301076,1909f56bfc062723c751e8b465ee728b)
Start importing Assets/Resources/Tiles/PatchCell2LU.asset using Guid(c97e05edd585ae8499fb25ad547eb46c) Importer(815301076,1909f56bfc062723c751e8b465ee728b)  -> (artifact id: '0b7a4cd2cbce2052bd6e925589571332') in 0.005137 seconds 
========================================================================
Received Import Request.
  Time since last request: 1.431355 seconds.
  path: Assets/Resources/Tiles/PatchCell2RD.asset
  artifactKey: Guid(fe09d73a57bceee488737adbd17a097d) Importer(815301076,1909f56bfc062723c751e8b465ee728b)
Start importing Assets/Resources/Tiles/PatchCell2RD.asset using Guid(fe09d73a57bceee488737adbd17a097d) Importer(815301076,1909f56bfc062723c751e8b465ee728b)  -> (artifact id: '04e4d104af5f97f631958cf599c20f80') in 0.004964 seconds 
========================================================================
Received Import Request.
  Time since last request: 1.553891 seconds.
  path: Assets/Resources/Tiles/PatchCell2RL.asset
  artifactKey: Guid(3abb461ff4c61e940bd0c6704f5c7715) Importer(815301076,1909f56bfc062723c751e8b465ee728b)
Start importing Assets/Resources/Tiles/PatchCell2RL.asset using Guid(3abb461ff4c61e940bd0c6704f5c7715) Importer(815301076,1909f56bfc062723c751e8b465ee728b)  -> (artifact id: '407499576eb6584b92caa243c449a124') in 0.004984 seconds 
========================================================================
Received Import Request.
  Time since last request: 2.028253 seconds.
  path: Assets/Resources/Tiles/EdgeTile/Down.asset
  artifactKey: Guid(ea68faf220db76040a7621b651fb4a41) Importer(815301076,1909f56bfc062723c751e8b465ee728b)
Start importing Assets/Resources/Tiles/EdgeTile/Down.asset using Guid(ea68faf220db76040a7621b651fb4a41) Importer(815301076,1909f56bfc062723c751e8b465ee728b)  -> (artifact id: '4ebad8be5284505c7f5c4db8b059b9e6') in 0.015643 seconds 
Editor requested this worker to shutdown with reason: Scaling down because of idle timeout
AssetImportWorker is now disconnected from the server
Process exiting
Exiting without the bug reporter. Application will terminate with return code 0